<?xml version="1.0" encoding="UTF-8"?>
<testng-results skipped="0" failed="0" total="1" passed="1">
  <reporter-output>
  </reporter-output>
  <suite name="Suite of Tests" duration-ms="27" started-at="2020-06-18T03:09:16Z" finished-at="2020-06-18T03:09:16Z">
    <groups>
    </groups>
    <test name="Tests" duration-ms="27" started-at="2020-06-18T03:09:16Z" finished-at="2020-06-18T03:09:16Z">
      <class name="RegressionTest">
        <test-method status="PASS" signature="test()[pri:0, instance:RegressionTest@67b64c45]" name="test" duration-ms="13" started-at="2020-06-17T23:09:16Z" finished-at="2020-06-17T23:09:16Z">
          <reporter-output>
          </reporter-output>
        </test-method> <!-- test -->
      </class> <!-- RegressionTest -->
    </test> <!-- Tests -->
  </suite> <!-- Suite of Tests -->
</testng-results>
